<?xml version="1.0" encoding="UTF-8"?>
<testsuite name="taller.AppSuite" tests="1" skipped="0" failures="0" errors="0" timestamp="2024-10-04T22:20:25" hostname="archlinux" time="0.001">
  <properties/>
  <testcase name="App has a greeting" classname="taller.AppSuite" time="0.001"/>
  <system-out><![CDATA[]]></system-out>
  <system-err><![CDATA[]]></system-err>
</testsuite>
