<?xml version="1.0" encoding="UTF-8"?>
<testsuite name="taller.ConjuntosDifusosTest" tests="35" skipped="0" failures="0" errors="0" timestamp="2024-10-04T22:36:59" hostname="RAION" time="0.053">
  <properties/>
  <testcase name="pertenece: elemento 5 en muchoMayorQue(1, 10)" classname="taller.ConjuntosDifusosTest" time="0.025"/>
  <testcase name="pertenece: elemento 0 en muchoMayorQue(1, 10)" classname="taller.ConjuntosDifusosTest" time="0.001"/>
  <testcase name="pertenece: elemento 15 en muchoMayorQue(1, 10)" classname="taller.ConjuntosDifusosTest" time="0.0"/>
  <testcase name="pertenece: elemento 50 en grande(10, 2)" classname="taller.ConjuntosDifusosTest" time="0.001"/>
  <testcase name="pertenece: elemento 5 en grande(10, 2)" classname="taller.ConjuntosDifusosTest" time="0.0"/>
  <testcase name="grande: 50 con (10, 2)" classname="taller.ConjuntosDifusosTest" time="0.0"/>
  <testcase name="grande: 5 con (10, 2)" classname="taller.ConjuntosDifusosTest" time="0.0"/>
  <testcase name="grande: 100 con (10, 2)" classname="taller.ConjuntosDifusosTest" time="0.0"/>
  <testcase name="grande: 0 con (10, 2)" classname="taller.ConjuntosDifusosTest" time="0.001"/>
  <testcase name="grande: 1000 con (10, 2)" classname="taller.ConjuntosDifusosTest" time="0.0"/>
  <testcase name="complemento: 5 en complemento de muchoMayorQue(1, 10)" classname="taller.ConjuntosDifusosTest" time="0.001"/>
  <testcase name="complemento: 1 en complemento de muchoMayorQue(1, 10)" classname="taller.ConjuntosDifusosTest" time="0.0"/>
  <testcase name="complemento: 10 en complemento de muchoMayorQue(1, 10)" classname="taller.ConjuntosDifusosTest" time="0.0"/>
  <testcase name="complemento: 0 en complemento de muchoMayorQue(1, 10)" classname="taller.ConjuntosDifusosTest" time="0.001"/>
  <testcase name="complemento: 15 en complemento de muchoMayorQue(1, 10)" classname="taller.ConjuntosDifusosTest" time="0.001"/>
  <testcase name="union: 5 en union de muchoMayorQue(1, 10) y grande(10, 2)" classname="taller.ConjuntosDifusosTest" time="0.001"/>
  <testcase name="union: 1 en union de muchoMayorQue(1, 10) y grande(10, 2)" classname="taller.ConjuntosDifusosTest" time="0.0"/>
  <testcase name="union: 10 en union de muchoMayorQue(1, 10) y grande(10, 2)" classname="taller.ConjuntosDifusosTest" time="0.0"/>
  <testcase name="union: 0 en union de muchoMayorQue(1, 10) y grande(10, 2)" classname="taller.ConjuntosDifusosTest" time="0.0"/>
  <testcase name="union: 100 en union de muchoMayorQue(1, 10) y grande(10, 2)" classname="taller.ConjuntosDifusosTest" time="0.0"/>
  <testcase name="interseccion: 5 en interseccion de muchoMayorQue(1, 10) y grande(10, 2)" classname="taller.ConjuntosDifusosTest" time="0.001"/>
  <testcase name="interseccion: 1 en interseccion de muchoMayorQue(1, 10) y grande(10, 2)" classname="taller.ConjuntosDifusosTest" time="0.001"/>
  <testcase name="interseccion: 10 en interseccion de muchoMayorQue(1, 10) y grande(10, 2)" classname="taller.ConjuntosDifusosTest" time="0.0"/>
  <testcase name="interseccion: 0 en interseccion de muchoMayorQue(1, 10) y grande(10, 2)" classname="taller.ConjuntosDifusosTest" time="0.0"/>
  <testcase name="interseccion: 100 en interseccion de muchoMayorQue(1, 10) y grande(10, 2)" classname="taller.ConjuntosDifusosTest" time="0.001"/>
  <testcase name="inclusion: muchoMayorQue(1, 10) no incluido en muchoMayorQue(1, 20)" classname="taller.ConjuntosDifusosTest" time="0.001"/>
  <testcase name="inclusion: muchoMayorQue(1, 20) incluido en muchoMayorQue(1, 10)" classname="taller.ConjuntosDifusosTest" time="0.0"/>
  <testcase name="inclusion: grande(10, 2) no incluido en grande(10, 3)" classname="taller.ConjuntosDifusosTest" time="0.0"/>
  <testcase name="inclusion: grande(10, 3) incluido en grande(10, 2)" classname="taller.ConjuntosDifusosTest" time="0.001"/>
  <testcase name="inclusion: grande(10, 4) incluido en grande(10, 2)" classname="taller.ConjuntosDifusosTest" time="0.001"/>
  <testcase name="Igualdad: grande(10, 4) no es igual a grandre(10, 3)" classname="taller.ConjuntosDifusosTest" time="0.0"/>
  <testcase name="Igualdad: grande(10, 3) igual a grandre(10, 3)" classname="taller.ConjuntosDifusosTest" time="0.0"/>
  <testcase name="Igualdad: grande(10, 2) no es igual a grandre(10, 5)" classname="taller.ConjuntosDifusosTest" time="0.001"/>
  <testcase name="Igualdad: grande(10, 5) igual a grandre(10, 5)" classname="taller.ConjuntosDifusosTest" time="0.001"/>
  <testcase name="Igualdad: grande(10, 2) no es igual a grandre(10, 6)" classname="taller.ConjuntosDifusosTest" time="0.0"/>
  <system-out><![CDATA[]]></system-out>
  <system-err><![CDATA[]]></system-err>
</testsuite>
